<?xml version="1.0" encoding="UTF-8"?>
<!-- Generated by org.testng.reporters.JUnitXMLReporter -->
<testsuite hostname="John007-Dell" ignored="8" name="Default test" tests="15" failures="0" timestamp="28 Nov 2020 02:22:07 GMT" time="0.137" errors="0">
  <testcase name="@BeforeSuite openWebsite" time="0.0" classname="tests.BaseClass">
    <failure type="org.testng.TestNGException" message="
Parameter &amp;apos;browser&amp;apos; is required by BeforeSuite on method openWebsite but has not been marked @Optional or defined
in C:\Users\Dell\AppData\Local\Temp\testng-eclipse--1407378257\testng-customsuite.xml">
      <![CDATA[org.testng.TestNGException: 
Parameter 'browser' is required by BeforeSuite on method openWebsite but has not been marked @Optional or defined
in C:\Users\Dell\AppData\Local\Temp\testng-eclipse--1407378257\testng-customsuite.xml
	at org.testng.internal.Parameters.createParameters(Parameters.java:199)
	at org.testng.internal.Parameters.createParameters(Parameters.java:443)
	at org.testng.internal.Parameters.createConfigurationParameters(Parameters.java:118)
	at org.testng.internal.Invoker.invokeConfigurations(Invoker.java:206)
	at org.testng.internal.Invoker.invokeConfigurations(Invoker.java:146)
	at org.testng.SuiteRunner.privateRun(SuiteRunner.java:326)
	at org.testng.SuiteRunner.run(SuiteRunner.java:289)
	at org.testng.SuiteRunnerWorker.runSuite(SuiteRunnerWorker.java:52)
	at org.testng.SuiteRunnerWorker.run(SuiteRunnerWorker.java:86)
	at org.testng.TestNG.runSuitesSequentially(TestNG.java:1301)
	at org.testng.TestNG.runSuitesLocally(TestNG.java:1226)
	at org.testng.TestNG.runSuites(TestNG.java:1144)
	at org.testng.TestNG.run(TestNG.java:1115)
	at org.testng.remote.AbstractRemoteTestNG.run(AbstractRemoteTestNG.java:132)
	at org.testng.remote.RemoteTestNG.initAndRun(RemoteTestNG.java:230)
	at org.testng.remote.RemoteTestNG.main(RemoteTestNG.java:76)
]]>
    </failure>
  </testcase> <!-- @BeforeSuite openWebsite -->
  <testcase name="@BeforeTest TC_initiate" time="0.0" classname="tests.TS_CarLoan">
    <skipped/>
  </testcase> <!-- @BeforeTest TC_initiate -->
  <testcase name="@BeforeTest TC_initiateClasses" time="0.0" classname="tests.TS_HomeLoan">
    <skipped/>
  </testcase> <!-- @BeforeTest TC_initiateClasses -->
  <testcase name="@BeforeTest TC_initiateClasses" time="0.0" classname="tests.TS_PersonalLoan">
    <skipped/>
  </testcase> <!-- @BeforeTest TC_initiateClasses -->
  <testcase name="@BeforeTest TC_initiateClasses" time="0.0" classname="tests.TS_UICheck">
    <skipped/>
  </testcase> <!-- @BeforeTest TC_initiateClasses -->
  <testcase name="TC_CarLoanSelect" time="0.0" classname="tests.TS_CarLoan">
    <skipped/>
  </testcase> <!-- TC_CarLoanSelect -->
  <testcase name="TC_homeLoanSelect" time="0.0" classname="tests.TS_PersonalLoan">
    <skipped/>
  </testcase> <!-- TC_homeLoanSelect -->
  <testcase name="TC_EnterDetails" time="0.0" classname="tests.TS_CarLoan">
    <skipped/>
  </testcase> <!-- TC_EnterDetails -->
  <testcase name="TC_EnterDetails" time="0.0" classname="tests.TS_PersonalLoan">
    <skipped/>
  </testcase> <!-- TC_EnterDetails -->
  <testcase name="TC_SelectMonth" time="0.0" classname="tests.TS_CarLoan">
    <skipped/>
  </testcase> <!-- TC_SelectMonth -->
  <testcase name="TC_ScrollDown" time="0.0" classname="tests.TS_PersonalLoan">
    <skipped/>
  </testcase> <!-- TC_ScrollDown -->
  <testcase name="TC_DisplayResult" time="0.0" classname="tests.TS_CarLoan">
    <skipped/>
  </testcase> <!-- TC_DisplayResult -->
  <testcase name="TC_homeLoanSelect" time="0.0" classname="tests.TS_HomeLoan">
    <skipped/>
  </testcase> <!-- TC_homeLoanSelect -->
  <testcase name="TC_readHomeLoanData" time="0.0" classname="tests.TS_HomeLoan">
    <skipped/>
  </testcase> <!-- TC_readHomeLoanData -->
  <testcase name="TC_ScrollDown" time="0.0" classname="tests.TS_HomeLoan">
    <skipped/>
  </testcase> <!-- TC_ScrollDown -->
  <testcase name="TC_YearWiseData" time="0.0" classname="tests.TS_HomeLoan">
    <skipped/>
  </testcase> <!-- TC_YearWiseData -->
  <testcase name="TC_SelectLoanCalculator" time="0.0" classname="tests.TS_UICheck">
    <skipped/>
  </testcase> <!-- TC_SelectLoanCalculator -->
  <testcase name="TC_EMICalculator" time="0.0" classname="tests.TS_UICheck">
    <skipped/>
  </testcase> <!-- TC_EMICalculator -->
  <testcase name="TC_LoanAmountCalculator" time="0.0" classname="tests.TS_UICheck">
    <skipped/>
  </testcase> <!-- TC_LoanAmountCalculator -->
  <testcase name="TC_LoanTenureCalculator" time="0.0" classname="tests.TS_UICheck">
    <skipped/>
  </testcase> <!-- TC_LoanTenureCalculator -->
  <testcase name="@BeforeSuite openWebsite" time="0.0" classname="tests.BaseClass">
    <ignored/>
  </testcase> <!-- @BeforeSuite openWebsite -->
  <testcase name="@BeforeSuite openWebsite" time="0.0" classname="tests.BaseClass">
    <ignored/>
  </testcase> <!-- @BeforeSuite openWebsite -->
  <testcase name="@BeforeSuite openWebsite" time="0.0" classname="tests.BaseClass">
    <ignored/>
  </testcase> <!-- @BeforeSuite openWebsite -->
  <testcase name="@BeforeSuite openWebsite" time="0.0" classname="tests.BaseClass">
    <ignored/>
  </testcase> <!-- @BeforeSuite openWebsite -->
  <testcase name="@AfterSuite exitBrowser" time="0.0" classname="tests.BaseClass">
    <ignored/>
  </testcase> <!-- @AfterSuite exitBrowser -->
  <testcase name="@AfterSuite exitBrowser" time="0.0" classname="tests.BaseClass">
    <ignored/>
  </testcase> <!-- @AfterSuite exitBrowser -->
  <testcase name="@AfterSuite exitBrowser" time="0.0" classname="tests.BaseClass">
    <ignored/>
  </testcase> <!-- @AfterSuite exitBrowser -->
  <testcase name="@AfterSuite exitBrowser" time="0.0" classname="tests.BaseClass">
    <ignored/>
  </testcase> <!-- @AfterSuite exitBrowser -->
</testsuite> <!-- Default test -->
